{"C:\\Todeschini\\Tech\\websites\\vegan-mundi\\client\\app\\StateProvider.tsx": {"path":"C:\\Todeschini\\Tech\\websites\\vegan-mundi\\client\\app\\StateProvider.tsx","all":false,"statementMap":{"0":{"start":{"line":1,"column":0},"end":{"line":1,"column":12}},"1":{"start":{"line":2,"column":0},"end":{"line":2,"column":0}},"2":{"start":{"line":3,"column":0},"end":{"line":3,"column":59}},"3":{"start":{"line":4,"column":0},"end":{"line":4,"column":76}},"4":{"start":{"line":5,"column":0},"end":{"line":5,"column":94}},"5":{"start":{"line":6,"column":0},"end":{"line":6,"column":0}},"6":{"start":{"line":7,"column":0},"end":{"line":7,"column":60}},"7":{"start":{"line":8,"column":0},"end":{"line":8,"column":5}},"8":{"start":{"line":9,"column":0},"end":{"line":9,"column":20}},"9":{"start":{"line":10,"column":0},"end":{"line":10,"column":29}},"10":{"start":{"line":11,"column":0},"end":{"line":11,"column":24}},"11":{"start":{"line":12,"column":0},"end":{"line":12,"column":34}},"12":{"start":{"line":13,"column":0},"end":{"line":13,"column":22}},"13":{"start":{"line":14,"column":0},"end":{"line":14,"column":31}},"14":{"start":{"line":15,"column":0},"end":{"line":15,"column":22}},"15":{"start":{"line":16,"column":0},"end":{"line":16,"column":32}},"16":{"start":{"line":17,"column":0},"end":{"line":17,"column":18}},"17":{"start":{"line":18,"column":0},"end":{"line":18,"column":27}},"18":{"start":{"line":19,"column":0},"end":{"line":19,"column":28}},"19":{"start":{"line":20,"column":0},"end":{"line":20,"column":37}},"20":{"start":{"line":21,"column":0},"end":{"line":21,"column":27}},"21":{"start":{"line":22,"column":0},"end":{"line":22,"column":33}},"22":{"start":{"line":23,"column":0},"end":{"line":23,"column":28}},"23":{"start":{"line":24,"column":0},"end":{"line":24,"column":35}},"24":{"start":{"line":25,"column":0},"end":{"line":25,"column":59}},"25":{"start":{"line":26,"column":0},"end":{"line":26,"column":30}},"26":{"start":{"line":27,"column":0},"end":{"line":27,"column":24}},"27":{"start":{"line":28,"column":0},"end":{"line":28,"column":33}},"28":{"start":{"line":29,"column":0},"end":{"line":29,"column":18}},"29":{"start":{"line":30,"column":0},"end":{"line":30,"column":26}},"30":{"start":{"line":31,"column":0},"end":{"line":31,"column":5}},"31":{"start":{"line":32,"column":0},"end":{"line":32,"column":2}},"32":{"start":{"line":33,"column":0},"end":{"line":33,"column":0}},"33":{"start":{"line":34,"column":0},"end":{"line":34,"column":103}},"34":{"start":{"line":35,"column":0},"end":{"line":35,"column":69}},"35":{"start":{"line":36,"column":0},"end":{"line":36,"column":55}},"36":{"start":{"line":37,"column":0},"end":{"line":37,"column":64}},"37":{"start":{"line":38,"column":0},"end":{"line":38,"column":85}},"38":{"start":{"line":39,"column":0},"end":{"line":39,"column":68}},"39":{"start":{"line":40,"column":0},"end":{"line":40,"column":51}},"40":{"start":{"line":41,"column":0},"end":{"line":41,"column":71}},"41":{"start":{"line":42,"column":0},"end":{"line":42,"column":67}},"42":{"start":{"line":43,"column":0},"end":{"line":43,"column":90}},"43":{"start":{"line":44,"column":0},"end":{"line":44,"column":63}},"44":{"start":{"line":45,"column":0},"end":{"line":45,"column":51}},"45":{"start":{"line":46,"column":0},"end":{"line":46,"column":0}},"46":{"start":{"line":47,"column":0},"end":{"line":47,"column":140}},"47":{"start":{"line":48,"column":0},"end":{"line":48,"column":106}},"48":{"start":{"line":49,"column":0},"end":{"line":49,"column":0}},"49":{"start":{"line":50,"column":0},"end":{"line":50,"column":21}},"50":{"start":{"line":51,"column":0},"end":{"line":51,"column":64}},"51":{"start":{"line":52,"column":0},"end":{"line":52,"column":29}},"52":{"start":{"line":53,"column":0},"end":{"line":53,"column":52}},"53":{"start":{"line":54,"column":0},"end":{"line":54,"column":9}},"54":{"start":{"line":55,"column":0},"end":{"line":55,"column":11}},"55":{"start":{"line":56,"column":0},"end":{"line":56,"column":4}},"56":{"start":{"line":57,"column":0},"end":{"line":57,"column":12}},"57":{"start":{"line":58,"column":0},"end":{"line":58,"column":39}},"58":{"start":{"line":59,"column":0},"end":{"line":59,"column":21}},"59":{"start":{"line":60,"column":0},"end":{"line":60,"column":24}},"60":{"start":{"line":61,"column":0},"end":{"line":61,"column":26}},"61":{"start":{"line":62,"column":0},"end":{"line":62,"column":29}},"62":{"start":{"line":63,"column":0},"end":{"line":63,"column":23}},"63":{"start":{"line":64,"column":0},"end":{"line":64,"column":25}},"64":{"start":{"line":65,"column":0},"end":{"line":65,"column":23}},"65":{"start":{"line":66,"column":0},"end":{"line":66,"column":27}},"66":{"start":{"line":67,"column":0},"end":{"line":67,"column":19}},"67":{"start":{"line":68,"column":0},"end":{"line":68,"column":21}},"68":{"start":{"line":69,"column":0},"end":{"line":69,"column":29}},"69":{"start":{"line":70,"column":0},"end":{"line":70,"column":31}},"70":{"start":{"line":71,"column":0},"end":{"line":71,"column":24}},"71":{"start":{"line":72,"column":0},"end":{"line":72,"column":27}},"72":{"start":{"line":73,"column":0},"end":{"line":73,"column":26}},"73":{"start":{"line":74,"column":0},"end":{"line":74,"column":29}},"74":{"start":{"line":75,"column":0},"end":{"line":75,"column":21}},"75":{"start":{"line":76,"column":0},"end":{"line":76,"column":24}},"76":{"start":{"line":77,"column":0},"end":{"line":77,"column":24}},"77":{"start":{"line":78,"column":0},"end":{"line":78,"column":39}},"78":{"start":{"line":79,"column":0},"end":{"line":79,"column":18}},"79":{"start":{"line":80,"column":0},"end":{"line":80,"column":23}},"80":{"start":{"line":81,"column":0},"end":{"line":81,"column":22}},"81":{"start":{"line":82,"column":0},"end":{"line":82,"column":32}},"82":{"start":{"line":83,"column":0},"end":{"line":83,"column":6}},"83":{"start":{"line":84,"column":0},"end":{"line":84,"column":2}}},"s":{"0":1,"1":1,"2":1,"3":1,"4":1,"5":1,"6":1,"7":1,"8":1,"9":1,"10":1,"11":1,"12":1,"13":1,"14":1,"15":1,"16":1,"17":1,"18":1,"19":1,"20":1,"21":1,"22":1,"23":1,"24":1,"25":1,"26":1,"27":1,"28":1,"29":1,"30":1,"31":1,"32":1,"33":1,"34":1,"35":20,"36":20,"37":20,"38":20,"39":20,"40":20,"41":20,"42":20,"43":20,"44":20,"45":20,"46":20,"47":20,"48":20,"49":20,"50":3,"51":3,"52":0,"53":0,"54":20,"55":20,"56":20,"57":20,"58":20,"59":20,"60":20,"61":20,"62":20,"63":20,"64":20,"65":20,"66":20,"67":20,"68":20,"69":20,"70":20,"71":20,"72":20,"73":20,"74":20,"75":20,"76":20,"77":20,"78":20,"79":20,"80":20,"81":20,"82":20,"83":1},"branchMap":{"0":{"type":"branch","line":35,"loc":{"start":{"line":35,"column":15},"end":{"line":84,"column":1}},"locations":[{"start":{"line":35,"column":15},"end":{"line":84,"column":1}}]},"1":{"type":"branch","line":50,"loc":{"start":{"line":50,"column":14},"end":{"line":55,"column":7}},"locations":[{"start":{"line":50,"column":14},"end":{"line":55,"column":7}}]},"2":{"type":"branch","line":52,"loc":{"start":{"line":52,"column":28},"end":{"line":54,"column":9}},"locations":[{"start":{"line":52,"column":28},"end":{"line":54,"column":9}}]}},"b":{"0":[20],"1":[3],"2":[0]},"fnMap":{"0":{"name":"setKeyword","decl":{"start":{"line":10,"column":20},"end":{"line":10,"column":29}},"loc":{"start":{"line":10,"column":20},"end":{"line":10,"column":29}},"line":10},"1":{"name":"setCartQuantity","decl":{"start":{"line":12,"column":25},"end":{"line":12,"column":34}},"loc":{"start":{"line":12,"column":25},"end":{"line":12,"column":34}},"line":12},"2":{"name":"setCartItems","decl":{"start":{"line":14,"column":22},"end":{"line":14,"column":31}},"loc":{"start":{"line":14,"column":22},"end":{"line":14,"column":31}},"line":14},"3":{"name":"setCartAmount","decl":{"start":{"line":16,"column":23},"end":{"line":16,"column":32}},"loc":{"start":{"line":16,"column":23},"end":{"line":16,"column":32}},"line":16},"4":{"name":"setError","decl":{"start":{"line":18,"column":18},"end":{"line":18,"column":27}},"loc":{"start":{"line":18,"column":18},"end":{"line":18,"column":27}},"line":18},"5":{"name":"setResponseMessage","decl":{"start":{"line":20,"column":28},"end":{"line":20,"column":37}},"loc":{"start":{"line":20,"column":28},"end":{"line":20,"column":37}},"line":20},"6":{"name":"setIsModalOpen","decl":{"start":{"line":22,"column":24},"end":{"line":22,"column":33}},"loc":{"start":{"line":22,"column":24},"end":{"line":22,"column":33}},"line":22},"7":{"name":"setSelectedClass","decl":{"start":{"line":24,"column":26},"end":{"line":24,"column":35}},"loc":{"start":{"line":24,"column":26},"end":{"line":24,"column":35}},"line":24},"8":{"name":"setUserInfo","decl":{"start":{"line":26,"column":21},"end":{"line":26,"column":30}},"loc":{"start":{"line":26,"column":21},"end":{"line":26,"column":30}},"line":26},"9":{"name":"setOrderNumber","decl":{"start":{"line":28,"column":24},"end":{"line":28,"column":33}},"loc":{"start":{"line":28,"column":24},"end":{"line":28,"column":33}},"line":28},"10":{"name":"setToken","decl":{"start":{"line":30,"column":18},"end":{"line":30,"column":26}},"loc":{"start":{"line":30,"column":18},"end":{"line":30,"column":26}},"line":30},"11":{"name":"StateProvider","decl":{"start":{"line":35,"column":15},"end":{"line":84,"column":1}},"loc":{"start":{"line":35,"column":15},"end":{"line":84,"column":1}},"line":35}},"f":{"0":0,"1":0,"2":0,"3":0,"4":0,"5":0,"6":0,"7":0,"8":0,"9":0,"10":0,"11":20}}
,"C:\\Todeschini\\Tech\\websites\\vegan-mundi\\client\\app\\_components\\SearchInput.tsx": {"path":"C:\\Todeschini\\Tech\\websites\\vegan-mundi\\client\\app\\_components\\SearchInput.tsx","all":false,"statementMap":{"0":{"start":{"line":1,"column":0},"end":{"line":1,"column":13}},"1":{"start":{"line":2,"column":0},"end":{"line":2,"column":0}},"2":{"start":{"line":3,"column":0},"end":{"line":3,"column":35}},"3":{"start":{"line":4,"column":0},"end":{"line":4,"column":48}},"4":{"start":{"line":5,"column":0},"end":{"line":5,"column":44}},"5":{"start":{"line":6,"column":0},"end":{"line":6,"column":53}},"6":{"start":{"line":7,"column":0},"end":{"line":7,"column":0}},"7":{"start":{"line":8,"column":0},"end":{"line":8,"column":125}},"8":{"start":{"line":9,"column":0},"end":{"line":9,"column":37}},"9":{"start":{"line":10,"column":0},"end":{"line":10,"column":28}},"10":{"start":{"line":11,"column":0},"end":{"line":11,"column":38}},"11":{"start":{"line":12,"column":0},"end":{"line":12,"column":7}},"12":{"start":{"line":13,"column":0},"end":{"line":13,"column":0}},"13":{"start":{"line":14,"column":0},"end":{"line":14,"column":77}},"14":{"start":{"line":15,"column":0},"end":{"line":15,"column":54}},"15":{"start":{"line":16,"column":0},"end":{"line":16,"column":29}},"16":{"start":{"line":17,"column":0},"end":{"line":17,"column":50}},"17":{"start":{"line":18,"column":0},"end":{"line":18,"column":5}},"18":{"start":{"line":19,"column":0},"end":{"line":19,"column":1}},"19":{"start":{"line":20,"column":0},"end":{"line":20,"column":0}},"20":{"start":{"line":21,"column":0},"end":{"line":21,"column":80}},"21":{"start":{"line":22,"column":0},"end":{"line":22,"column":61}},"22":{"start":{"line":23,"column":0},"end":{"line":23,"column":34}},"23":{"start":{"line":24,"column":0},"end":{"line":24,"column":0}},"24":{"start":{"line":25,"column":0},"end":{"line":25,"column":11}},"25":{"start":{"line":26,"column":0},"end":{"line":26,"column":10}},"26":{"start":{"line":27,"column":0},"end":{"line":27,"column":44}},"27":{"start":{"line":28,"column":0},"end":{"line":28,"column":23}},"28":{"start":{"line":29,"column":0},"end":{"line":29,"column":35}},"29":{"start":{"line":30,"column":0},"end":{"line":30,"column":31}},"30":{"start":{"line":31,"column":0},"end":{"line":31,"column":45}},"31":{"start":{"line":32,"column":0},"end":{"line":32,"column":46}},"32":{"start":{"line":33,"column":0},"end":{"line":33,"column":62}},"33":{"start":{"line":34,"column":0},"end":{"line":34,"column":66}},"34":{"start":{"line":35,"column":0},"end":{"line":35,"column":18}},"35":{"start":{"line":36,"column":0},"end":{"line":36,"column":109}},"36":{"start":{"line":37,"column":0},"end":{"line":37,"column":111}},"37":{"start":{"line":38,"column":0},"end":{"line":38,"column":25}},"38":{"start":{"line":39,"column":0},"end":{"line":39,"column":18}},"39":{"start":{"line":40,"column":0},"end":{"line":40,"column":11}},"40":{"start":{"line":41,"column":0},"end":{"line":41,"column":5}},"41":{"start":{"line":42,"column":0},"end":{"line":42,"column":1}}},"s":{"0":1,"1":1,"2":1,"3":1,"4":1,"5":1,"6":1,"7":19,"8":19,"9":19,"10":2,"11":19,"12":1,"13":3,"14":3,"15":3,"16":2,"17":2,"18":3,"19":1,"20":1,"21":20,"22":20,"23":20,"24":20,"25":20,"26":20,"27":20,"28":20,"29":20,"30":20,"31":20,"32":20,"33":20,"34":20,"35":20,"36":20,"37":20,"38":20,"39":20,"40":20,"41":20},"branchMap":{"0":{"type":"branch","line":8,"loc":{"start":{"line":8,"column":0},"end":{"line":12,"column":7}},"locations":[{"start":{"line":8,"column":0},"end":{"line":12,"column":7}}]},"1":{"type":"branch","line":10,"loc":{"start":{"line":10,"column":27},"end":{"line":12,"column":6}},"locations":[{"start":{"line":10,"column":27},"end":{"line":12,"column":6}}]},"2":{"type":"branch","line":14,"loc":{"start":{"line":14,"column":0},"end":{"line":19,"column":1}},"locations":[{"start":{"line":14,"column":0},"end":{"line":19,"column":1}}]},"3":{"type":"branch","line":16,"loc":{"start":{"line":16,"column":28},"end":{"line":18,"column":5}},"locations":[{"start":{"line":16,"column":28},"end":{"line":18,"column":5}}]},"4":{"type":"branch","line":21,"loc":{"start":{"line":21,"column":15},"end":{"line":42,"column":1}},"locations":[{"start":{"line":21,"column":15},"end":{"line":42,"column":1}}]},"5":{"type":"branch","line":33,"loc":{"start":{"line":33,"column":30},"end":{"line":33,"column":62}},"locations":[{"start":{"line":33,"column":30},"end":{"line":33,"column":62}}]},"6":{"type":"branch","line":34,"loc":{"start":{"line":34,"column":29},"end":{"line":34,"column":66}},"locations":[{"start":{"line":34,"column":29},"end":{"line":34,"column":66}}]},"7":{"type":"branch","line":36,"loc":{"start":{"line":36,"column":74},"end":{"line":36,"column":109}},"locations":[{"start":{"line":36,"column":74},"end":{"line":36,"column":109}}]}},"b":{"0":[19],"1":[2],"2":[3],"3":[2],"4":[20],"5":[17],"6":[19],"7":[1]},"fnMap":{"0":{"name":"handleKeyUp","decl":{"start":{"line":8,"column":0},"end":{"line":12,"column":7}},"loc":{"start":{"line":8,"column":0},"end":{"line":12,"column":7}},"line":8},"1":{"name":"handleSearch","decl":{"start":{"line":14,"column":0},"end":{"line":19,"column":1}},"loc":{"start":{"line":14,"column":0},"end":{"line":19,"column":1}},"line":14},"2":{"name":"SearchInput","decl":{"start":{"line":21,"column":15},"end":{"line":42,"column":1}},"loc":{"start":{"line":21,"column":15},"end":{"line":42,"column":1}},"line":21},"3":{"name":"onChange","decl":{"start":{"line":33,"column":30},"end":{"line":33,"column":62}},"loc":{"start":{"line":33,"column":30},"end":{"line":33,"column":62}},"line":33},"4":{"name":"onKeyUp","decl":{"start":{"line":34,"column":29},"end":{"line":34,"column":66}},"loc":{"start":{"line":34,"column":29},"end":{"line":34,"column":66}},"line":34},"5":{"name":"onClick","decl":{"start":{"line":36,"column":74},"end":{"line":36,"column":109}},"loc":{"start":{"line":36,"column":74},"end":{"line":36,"column":109}},"line":36}},"f":{"0":19,"1":3,"2":20,"3":17,"4":19,"5":1}}
}
