TN:
SF:app\StateProvider.tsx
FN:10,setKeyword
FN:12,setCartQuantity
FN:14,setCartItems
FN:16,setCartAmount
FN:18,setError
FN:20,setResponseMessage
FN:22,setIsModalOpen
FN:24,setSelectedClass
FN:26,setUserInfo
FN:28,setOrderNumber
FN:30,setToken
FN:35,StateProvider
FNF:12
FNH:1
FNDA:0,setKeyword
FNDA:0,setCartQuantity
FNDA:0,setCartItems
FNDA:0,setCartAmount
FNDA:0,setError
FNDA:0,setResponseMessage
FNDA:0,setIsModalOpen
FNDA:0,setSelectedClass
FNDA:0,setUserInfo
FNDA:0,setOrderNumber
FNDA:0,setToken
FNDA:20,StateProvider
DA:1,1
DA:2,1
DA:3,1
DA:4,1
DA:5,1
DA:6,1
DA:7,1
DA:8,1
DA:9,1
DA:10,1
DA:11,1
DA:12,1
DA:13,1
DA:14,1
DA:15,1
DA:16,1
DA:17,1
DA:18,1
DA:19,1
DA:20,1
DA:21,1
DA:22,1
DA:23,1
DA:24,1
DA:25,1
DA:26,1
DA:27,1
DA:28,1
DA:29,1
DA:30,1
DA:31,1
DA:32,1
DA:33,1
DA:34,1
DA:35,1
DA:36,20
DA:37,20
DA:38,20
DA:39,20
DA:40,20
DA:41,20
DA:42,20
DA:43,20
DA:44,20
DA:45,20
DA:46,20
DA:47,20
DA:48,20
DA:49,20
DA:50,20
DA:51,3
DA:52,3
DA:53,0
DA:54,0
DA:55,20
DA:56,20
DA:57,20
DA:58,20
DA:59,20
DA:60,20
DA:61,20
DA:62,20
DA:63,20
DA:64,20
DA:65,20
DA:66,20
DA:67,20
DA:68,20
DA:69,20
DA:70,20
DA:71,20
DA:72,20
DA:73,20
DA:74,20
DA:75,20
DA:76,20
DA:77,20
DA:78,20
DA:79,20
DA:80,20
DA:81,20
DA:82,20
DA:83,20
DA:84,1
LF:84
LH:82
BRDA:35,0,0,20
BRDA:50,1,0,3
BRDA:52,2,0,0
BRF:3
BRH:2
end_of_record
TN:
SF:app\_components\SearchInput.tsx
FN:8,handleKeyUp
FN:13,handleSearch
FN:19,SearchInput
FN:31,onChange
FN:32,onKeyUp
FN:34,onClick
FNF:6
FNH:6
FNDA:19,handleKeyUp
FNDA:3,handleSearch
FNDA:20,SearchInput
FNDA:17,onChange
FNDA:19,onKeyUp
FNDA:1,onClick
DA:1,1
DA:2,1
DA:3,1
DA:4,1
DA:5,1
DA:6,1
DA:7,1
DA:8,19
DA:9,19
DA:10,2
DA:11,19
DA:12,1
DA:13,3
DA:14,3
DA:15,2
DA:16,2
DA:17,3
DA:18,1
DA:19,1
DA:20,20
DA:21,20
DA:22,20
DA:23,20
DA:24,20
DA:25,20
DA:26,20
DA:27,20
DA:28,20
DA:29,20
DA:30,20
DA:31,20
DA:32,20
DA:33,20
DA:34,20
DA:35,20
DA:36,20
DA:37,20
DA:38,20
DA:39,20
DA:40,20
LF:40
LH:40
BRDA:8,0,0,19
BRDA:9,1,0,2
BRDA:13,2,0,3
BRDA:14,3,0,2
BRDA:19,4,0,20
BRDA:31,5,0,17
BRDA:32,6,0,19
BRDA:34,7,0,1
BRF:8
BRH:8
end_of_record
